<?xml version="1.0" encoding="UTF-8"?>
<!-- Generated by org.testng.reporters.JUnitXMLReporter -->
<testsuite ignored="0" hostname="Yulias-MacBook-Pro.local" failures="0" tests="8" name="Test" time="46.463" errors="0" timestamp="03 Jun 2021 14:40:14 GMT">
  <testcase classname="com.Wordpress.test.LoginPageTest" name="_01_loginWithInvalidCredentials" time="2.578"/>
  <testcase classname="com.Wordpress.test.LoginPageTest" name="_02_loginWithValidCredentials" time="4.551"/>
  <testcase classname="com.Wordpress.test.ProfileLinkPageTest" name="_01_addLinks" time="3.77"/>
  <testcase classname="com.Wordpress.test.ProfileLinkPageTest" name="_02_addExistingLink" time="0.459"/>
  <testcase classname="com.Wordpress.test.ProfileLinkPageTest" name="_03_deleteAddedLink" time="0.158"/>
  <testcase classname="com.Wordpress.test.ProfilePageTest" name="_01_ModifyFirstLastName" time="6.738"/>
  <testcase classname="com.Wordpress.test.ProfilePageTest" name="_02_ValidateSavedChanges" time="3.029"/>
  <testcase classname="com.Wordpress.test.ProfilePageTest" name="_03_ResetToOriginalValues" time="3.641"/>
</testsuite> <!-- Test -->
