<?xml version="1.0" encoding="UTF-8"?>
<testng-results ignored="0" total="3" passed="3" failed="0" skipped="0">
  <reporter-output>
  </reporter-output>
  <suite started-at="2021-06-04T01:13:41Z" name="Surefire suite" finished-at="2021-06-04T01:13:59Z" duration-ms="17397">
    <groups>
    </groups>
    <test started-at="2021-06-04T01:13:41Z" name="Surefire test" finished-at="2021-06-04T01:13:59Z" duration-ms="17397">
      <class name="com.Wordpress.test.ProfilePageTest">
        <test-method is-config="true" signature="login()[pri:0, instance:com.Wordpress.test.ProfilePageTest@4eb7f003]" started-at="2021-06-04T01:13:41Z" name="login" finished-at="2021-06-04T01:13:48Z" duration-ms="7205" status="PASS">
          <reporter-output>
          </reporter-output>
        </test-method> <!-- login -->
        <test-method signature="_01_ModifyFirstLastName()[pri:1, instance:com.Wordpress.test.ProfilePageTest@4eb7f003]" started-at="2021-06-04T01:13:48Z" name="_01_ModifyFirstLastName" finished-at="2021-06-04T01:13:55Z" duration-ms="6593" status="PASS">
          <reporter-output>
          </reporter-output>
        </test-method> <!-- _01_ModifyFirstLastName -->
        <test-method signature="_02_ValidateSavedChanges()[pri:2, instance:com.Wordpress.test.ProfilePageTest@4eb7f003]" started-at="2021-06-04T01:13:55Z" name="_02_ValidateSavedChanges" finished-at="2021-06-04T01:13:55Z" duration-ms="63" status="PASS">
          <reporter-output>
          </reporter-output>
        </test-method> <!-- _02_ValidateSavedChanges -->
        <test-method signature="_03_ResetToOriginalValues()[pri:3, instance:com.Wordpress.test.ProfilePageTest@4eb7f003]" started-at="2021-06-04T01:13:55Z" name="_03_ResetToOriginalValues" finished-at="2021-06-04T01:13:58Z" duration-ms="3412" status="PASS">
          <reporter-output>
          </reporter-output>
        </test-method> <!-- _03_ResetToOriginalValues -->
        <test-method is-config="true" signature="tear_down()[pri:0, instance:com.Wordpress.test.ProfilePageTest@4eb7f003]" started-at="2021-06-04T01:13:58Z" name="tear_down" finished-at="2021-06-04T01:13:59Z" duration-ms="109" status="PASS">
          <reporter-output>
          </reporter-output>
        </test-method> <!-- tear_down -->
      </class> <!-- com.Wordpress.test.ProfilePageTest -->
    </test> <!-- Surefire test -->
  </suite> <!-- Surefire suite -->
</testng-results>
