<?xml version="1.0" encoding="UTF-8"?>
<testsuite xmlns:xsi="http://www.w3.org/2001/XMLSchema-instance" xsi:noNamespaceSchemaLocation="https://maven.apache.org/surefire/maven-surefire-plugin/xsd/surefire-test-report-3.0.xsd" version="3.0" name="TestSuite" time="46.691" tests="8" errors="0" skipped="0" failures="0">
  <properties>
[...]
</properties>
  <testcase name="_01_loginWithInvalidCredentials" classname="com.Wordpress.test.LoginPageTest" time="2.671"/>
  <testcase name="_02_loginWithValidCredentials" classname="com.Wordpress.test.LoginPageTest" time="4.507"/>
  <testcase name="_01_addLinks" classname="com.Wordpress.test.ProfileLinkPageTest" time="3.761"/>
  <testcase name="_02_addExistingLink" classname="com.Wordpress.test.ProfileLinkPageTest" time="0.488"/>
  <testcase name="_03_deleteAddedLink" classname="com.Wordpress.test.ProfileLinkPageTest" time="0.069"/>
  <testcase name="_01_ModifyFirstLastName" classname="com.Wordpress.test.ProfilePageTest" time="6.646"/>
  <testcase name="_02_ValidateSavedChanges" classname="com.Wordpress.test.ProfilePageTest" time="3.027"/>
  <testcase name="_03_ResetToOriginalValues" classname="com.Wordpress.test.ProfilePageTest" time="3.496"/>
</testsuite>