<?xml version="1.0" encoding="UTF-8"?>
<testng-results ignored="0" total="3" passed="3" failed="0" skipped="0">
  <reporter-output>
  </reporter-output>
  <suite started-at="2021-06-04T00:41:14Z" name="Default suite" finished-at="2021-06-04T00:41:32Z" duration-ms="17750">
    <groups>
    </groups>
    <test started-at="2021-06-04T00:41:14Z" name="Default test" finished-at="2021-06-04T00:41:32Z" duration-ms="17750">
      <class name="com.Wordpress.test.ProfilePageTest">
        <test-method is-config="true" signature="login()[pri:0, instance:com.Wordpress.test.ProfilePageTest@214b199c]" started-at="2021-06-04T00:41:14Z" name="login" finished-at="2021-06-04T00:41:22Z" duration-ms="7369" status="PASS">
          <reporter-output>
          </reporter-output>
        </test-method> <!-- login -->
        <test-method signature="_01_ModifyFirstLastName()[pri:1, instance:com.Wordpress.test.ProfilePageTest@214b199c]" started-at="2021-06-04T00:41:22Z" name="_01_ModifyFirstLastName" finished-at="2021-06-04T00:41:28Z" duration-ms="6719" status="PASS">
          <reporter-output>
          </reporter-output>
        </test-method> <!-- _01_ModifyFirstLastName -->
        <test-method signature="_02_ValidateSavedChanges()[pri:2, instance:com.Wordpress.test.ProfilePageTest@214b199c]" started-at="2021-06-04T00:41:28Z" name="_02_ValidateSavedChanges" finished-at="2021-06-04T00:41:28Z" duration-ms="60" status="PASS">
          <reporter-output>
          </reporter-output>
        </test-method> <!-- _02_ValidateSavedChanges -->
        <test-method signature="_03_ResetToOriginalValues()[pri:3, instance:com.Wordpress.test.ProfilePageTest@214b199c]" started-at="2021-06-04T00:41:28Z" name="_03_ResetToOriginalValues" finished-at="2021-06-04T00:41:32Z" duration-ms="3450" status="PASS">
          <reporter-output>
          </reporter-output>
        </test-method> <!-- _03_ResetToOriginalValues -->
        <test-method is-config="true" signature="tear_down()[pri:0, instance:com.Wordpress.test.ProfilePageTest@214b199c]" started-at="2021-06-04T00:41:32Z" name="tear_down" finished-at="2021-06-04T00:41:32Z" duration-ms="137" status="PASS">
          <reporter-output>
          </reporter-output>
        </test-method> <!-- tear_down -->
      </class> <!-- com.Wordpress.test.ProfilePageTest -->
    </test> <!-- Default test -->
  </suite> <!-- Default suite -->
</testng-results>
